|
|
|
--------------------------------------------------------------------------------
[EXCEPTION LOG - 2024-11-19 21:33:02] [ERROR]
--------------------------------------------------------------------------------

Message    : Failed opening required '/Users/developer/Downloads/Sites/Framework/DigitalCodes.php' (include_path='/opt/homebrew/etc/php')
File       : /Users/developer/Downloads/Sites/Framework/index.php
Line       : 9

Stack Trace:
#0 [internal function]: {closure}('DigitalCodes')
#1 /Users/developer/Downloads/Sites/Framework/app/Standard.php(11): class_exists('DigitalCodes')
#2 /Users/developer/Downloads/Sites/Framework/pages/home.php(3): component('DigitalCodes')
#3 /Users/developer/Downloads/Sites/Framework/app/Application.php(193): require_once('/Users/develope...')
#4 /Users/developer/Downloads/Sites/Framework/app/Application.php(226): app\Application->commence('/Users/develope...')
#5 /Users/developer/Downloads/Sites/Framework/config/Kernel.php(27): app\Application->render()
#6 /Users/developer/Downloads/Sites/Framework/index.php(14): require('/Users/develope...')
#7 {main}

--------------------------------------------------------------------------------
|
|
|
--------------------------------------------------------------------------------
[EXCEPTION LOG - 2024-11-19 21:33:29] [ERROR]
--------------------------------------------------------------------------------

Message    : Failed opening required '/Users/developer/Downloads/Sites/Framework/DigitalCodes.php' (include_path='/opt/homebrew/etc/php')
File       : /Users/developer/Downloads/Sites/Framework/index.php
Line       : 9

Stack Trace:
#0 [internal function]: {closure}('DigitalCodes')
#1 /Users/developer/Downloads/Sites/Framework/app/Standard.php(11): class_exists('DigitalCodes')
#2 /Users/developer/Downloads/Sites/Framework/pages/home.php(3): component('DigitalCodes')
#3 /Users/developer/Downloads/Sites/Framework/app/Application.php(193): require_once('/Users/develope...')
#4 /Users/developer/Downloads/Sites/Framework/app/Application.php(226): app\Application->commence('/Users/develope...')
#5 /Users/developer/Downloads/Sites/Framework/config/Kernel.php(27): app\Application->render()
#6 /Users/developer/Downloads/Sites/Framework/index.php(14): require('/Users/develope...')
#7 {main}

--------------------------------------------------------------------------------
|
|
|
--------------------------------------------------------------------------------
[EXCEPTION LOG - 2024-11-19 21:39:38] [ERROR]
--------------------------------------------------------------------------------

Message    : Typed property app\Scheme\Components::$token must not be accessed before initialization
File       : /Users/developer/Downloads/Sites/Framework/app/Scheme/Components.php
Line       : 28

Stack Trace:
#0 /Users/developer/Downloads/Sites/Framework/config/Components/DigitalCodes.php(14): app\Scheme\Components->content()
#1 /Users/developer/Downloads/Sites/Framework/app/Standard.php(13): config\Components\DigitalCodes->render()
#2 /Users/developer/Downloads/Sites/Framework/pages/home.php(3): component('config\\Componen...')
#3 /Users/developer/Downloads/Sites/Framework/app/Application.php(193): require_once('/Users/develope...')
#4 /Users/developer/Downloads/Sites/Framework/app/Application.php(226): app\Application->commence('/Users/develope...')
#5 /Users/developer/Downloads/Sites/Framework/config/Kernel.php(27): app\Application->render()
#6 /Users/developer/Downloads/Sites/Framework/index.php(17): require('/Users/develope...')
#7 {main}

--------------------------------------------------------------------------------
|
|
|
--------------------------------------------------------------------------------
[EXCEPTION LOG - 2024-11-19 21:40:28] [ERROR]
--------------------------------------------------------------------------------

Message    : Typed property app\Scheme\Components::$token must not be accessed before initialization
File       : /Users/developer/Downloads/Sites/Framework/app/Scheme/Components.php
Line       : 29

Stack Trace:
#0 /Users/developer/Downloads/Sites/Framework/config/Components/DigitalCodes.php(14): app\Scheme\Components->content()
#1 /Users/developer/Downloads/Sites/Framework/app/Standard.php(13): config\Components\DigitalCodes->render()
#2 /Users/developer/Downloads/Sites/Framework/pages/home.php(3): component('config\\Componen...')
#3 /Users/developer/Downloads/Sites/Framework/app/Application.php(193): require_once('/Users/develope...')
#4 /Users/developer/Downloads/Sites/Framework/app/Application.php(226): app\Application->commence('/Users/develope...')
#5 /Users/developer/Downloads/Sites/Framework/config/Kernel.php(27): app\Application->render()
#6 /Users/developer/Downloads/Sites/Framework/index.php(17): require('/Users/develope...')
#7 {main}

--------------------------------------------------------------------------------
|
|
|
--------------------------------------------------------------------------------
[EXCEPTION LOG - 2024-11-19 21:40:45] [ERROR]
--------------------------------------------------------------------------------

Message    : Typed property app\Scheme\Components::$token must not be accessed before initialization
File       : /Users/developer/Downloads/Sites/Framework/app/Scheme/Components.php
Line       : 31

Stack Trace:
#0 /Users/developer/Downloads/Sites/Framework/config/Components/DigitalCodes.php(14): app\Scheme\Components->content()
#1 /Users/developer/Downloads/Sites/Framework/app/Standard.php(13): config\Components\DigitalCodes->render()
#2 /Users/developer/Downloads/Sites/Framework/pages/home.php(3): component('config\\Componen...')
#3 /Users/developer/Downloads/Sites/Framework/app/Application.php(193): require_once('/Users/develope...')
#4 /Users/developer/Downloads/Sites/Framework/app/Application.php(226): app\Application->commence('/Users/develope...')
#5 /Users/developer/Downloads/Sites/Framework/config/Kernel.php(27): app\Application->render()
#6 /Users/developer/Downloads/Sites/Framework/index.php(17): require('/Users/develope...')
#7 {main}

--------------------------------------------------------------------------------
|
|
|
--------------------------------------------------------------------------------
[EXCEPTION LOG - 2024-11-19 21:40:51] [ERROR]
--------------------------------------------------------------------------------

Message    : Typed property app\Scheme\Components::$token must not be accessed before initialization
File       : /Users/developer/Downloads/Sites/Framework/app/Scheme/Components.php
Line       : 29

Stack Trace:
#0 /Users/developer/Downloads/Sites/Framework/config/Components/DigitalCodes.php(14): app\Scheme\Components->content()
#1 /Users/developer/Downloads/Sites/Framework/app/Standard.php(13): config\Components\DigitalCodes->render()
#2 /Users/developer/Downloads/Sites/Framework/pages/home.php(3): component('config\\Componen...')
#3 /Users/developer/Downloads/Sites/Framework/app/Application.php(193): require_once('/Users/develope...')
#4 /Users/developer/Downloads/Sites/Framework/app/Application.php(226): app\Application->commence('/Users/develope...')
#5 /Users/developer/Downloads/Sites/Framework/config/Kernel.php(27): app\Application->render()
#6 /Users/developer/Downloads/Sites/Framework/index.php(17): require('/Users/develope...')
#7 {main}

--------------------------------------------------------------------------------
|
|
|
--------------------------------------------------------------------------------
[EXCEPTION LOG - 2024-11-19 21:41:24] [ERROR]
--------------------------------------------------------------------------------

Message    : Typed property app\Scheme\Components::$token must not be accessed before initialization
File       : /Users/developer/Downloads/Sites/Framework/app/Scheme/Components.php
Line       : 30

Stack Trace:
#0 /Users/developer/Downloads/Sites/Framework/config/Components/DigitalCodes.php(14): app\Scheme\Components->content()
#1 /Users/developer/Downloads/Sites/Framework/app/Standard.php(13): config\Components\DigitalCodes->render()
#2 /Users/developer/Downloads/Sites/Framework/pages/home.php(3): component('config\\Componen...')
#3 /Users/developer/Downloads/Sites/Framework/app/Application.php(193): require_once('/Users/develope...')
#4 /Users/developer/Downloads/Sites/Framework/app/Application.php(226): app\Application->commence('/Users/develope...')
#5 /Users/developer/Downloads/Sites/Framework/config/Kernel.php(27): app\Application->render()
#6 /Users/developer/Downloads/Sites/Framework/index.php(17): require('/Users/develope...')
#7 {main}

--------------------------------------------------------------------------------
|
|
|
--------------------------------------------------------------------------------
[EXCEPTION LOG - 2024-11-19 21:41:28] [ERROR]
--------------------------------------------------------------------------------

Message    : Typed property app\Scheme\Components::$token must not be accessed before initialization
File       : /Users/developer/Downloads/Sites/Framework/app/Scheme/Components.php
Line       : 29

Stack Trace:
#0 /Users/developer/Downloads/Sites/Framework/config/Components/DigitalCodes.php(14): app\Scheme\Components->content()
#1 /Users/developer/Downloads/Sites/Framework/app/Standard.php(13): config\Components\DigitalCodes->render()
#2 /Users/developer/Downloads/Sites/Framework/pages/home.php(3): component('config\\Componen...')
#3 /Users/developer/Downloads/Sites/Framework/app/Application.php(193): require_once('/Users/develope...')
#4 /Users/developer/Downloads/Sites/Framework/app/Application.php(226): app\Application->commence('/Users/develope...')
#5 /Users/developer/Downloads/Sites/Framework/config/Kernel.php(27): app\Application->render()
#6 /Users/developer/Downloads/Sites/Framework/index.php(17): require('/Users/develope...')
#7 {main}

--------------------------------------------------------------------------------
|
|
|
--------------------------------------------------------------------------------
[EXCEPTION LOG - 2024-11-19 21:41:35] [ERROR]
--------------------------------------------------------------------------------

Message    : Typed property app\Scheme\Components::$token must not be accessed before initialization
File       : /Users/developer/Downloads/Sites/Framework/app/Scheme/Components.php
Line       : 30

Stack Trace:
#0 /Users/developer/Downloads/Sites/Framework/config/Components/DigitalCodes.php(14): app\Scheme\Components->content()
#1 /Users/developer/Downloads/Sites/Framework/app/Standard.php(13): config\Components\DigitalCodes->render()
#2 /Users/developer/Downloads/Sites/Framework/pages/home.php(3): component('config\\Componen...')
#3 /Users/developer/Downloads/Sites/Framework/app/Application.php(193): require_once('/Users/develope...')
#4 /Users/developer/Downloads/Sites/Framework/app/Application.php(226): app\Application->commence('/Users/develope...')
#5 /Users/developer/Downloads/Sites/Framework/config/Kernel.php(27): app\Application->render()
#6 /Users/developer/Downloads/Sites/Framework/index.php(17): require('/Users/develope...')
#7 {main}

--------------------------------------------------------------------------------
|
|
|
--------------------------------------------------------------------------------
[EXCEPTION LOG - 2024-11-19 21:41:38] [ERROR]
--------------------------------------------------------------------------------

Message    : Typed property app\Scheme\Components::$token must not be accessed before initialization
File       : /Users/developer/Downloads/Sites/Framework/app/Scheme/Components.php
Line       : 29

Stack Trace:
#0 /Users/developer/Downloads/Sites/Framework/config/Components/DigitalCodes.php(14): app\Scheme\Components->content()
#1 /Users/developer/Downloads/Sites/Framework/app/Standard.php(13): config\Components\DigitalCodes->render()
#2 /Users/developer/Downloads/Sites/Framework/pages/home.php(3): component('config\\Componen...')
#3 /Users/developer/Downloads/Sites/Framework/app/Application.php(193): require_once('/Users/develope...')
#4 /Users/developer/Downloads/Sites/Framework/app/Application.php(226): app\Application->commence('/Users/develope...')
#5 /Users/developer/Downloads/Sites/Framework/config/Kernel.php(27): app\Application->render()
#6 /Users/developer/Downloads/Sites/Framework/index.php(17): require('/Users/develope...')
#7 {main}

--------------------------------------------------------------------------------
|
|
|
--------------------------------------------------------------------------------
[EXCEPTION LOG - 2024-11-19 21:41:50] [ERROR]
--------------------------------------------------------------------------------

Message    : Typed property app\Scheme\Components::$token must not be accessed before initialization
File       : /Users/developer/Downloads/Sites/Framework/app/Scheme/Components.php
Line       : 29

Stack Trace:
#0 /Users/developer/Downloads/Sites/Framework/config/Components/DigitalCodes.php(14): app\Scheme\Components->content()
#1 /Users/developer/Downloads/Sites/Framework/app/Standard.php(13): config\Components\DigitalCodes->render()
#2 /Users/developer/Downloads/Sites/Framework/pages/home.php(3): component('config\\Componen...')
#3 /Users/developer/Downloads/Sites/Framework/app/Application.php(193): require_once('/Users/develope...')
#4 /Users/developer/Downloads/Sites/Framework/app/Application.php(226): app\Application->commence('/Users/develope...')
#5 /Users/developer/Downloads/Sites/Framework/config/Kernel.php(27): app\Application->render()
#6 /Users/developer/Downloads/Sites/Framework/index.php(17): require('/Users/develope...')
#7 {main}

--------------------------------------------------------------------------------
|
|
|
--------------------------------------------------------------------------------
[EXCEPTION LOG - 2024-11-19 21:42:40] [ERROR]
--------------------------------------------------------------------------------

Message    : Typed property app\Scheme\Components::$token must not be accessed before initialization
File       : /Users/developer/Downloads/Sites/Framework/app/Scheme/Components.php
Line       : 29

Stack Trace:
#0 /Users/developer/Downloads/Sites/Framework/config/Components/DigitalCodes.php(14): app\Scheme\Components->content()
#1 /Users/developer/Downloads/Sites/Framework/app/Standard.php(13): config\Components\DigitalCodes->render()
#2 /Users/developer/Downloads/Sites/Framework/pages/home.php(3): component('config\\Componen...')
#3 /Users/developer/Downloads/Sites/Framework/app/Application.php(193): require_once('/Users/develope...')
#4 /Users/developer/Downloads/Sites/Framework/app/Application.php(226): app\Application->commence('/Users/develope...')
#5 /Users/developer/Downloads/Sites/Framework/config/Kernel.php(27): app\Application->render()
#6 /Users/developer/Downloads/Sites/Framework/index.php(19): require('/Users/develope...')
#7 {main}

--------------------------------------------------------------------------------
|
|
|
--------------------------------------------------------------------------------
[EXCEPTION LOG - 2024-11-19 21:50:44] [ERROR]
--------------------------------------------------------------------------------

Message    : Typed property app\Scheme\Components::$token must not be accessed before initialization
File       : /Users/developer/Downloads/Sites/Framework/app/Scheme/Components.php
Line       : 28

Stack Trace:
#0 /Users/developer/Downloads/Sites/Framework/config/Components/DigitalCodes.php(14): app\Scheme\Components->content()
#1 /Users/developer/Downloads/Sites/Framework/app/Standard.php(13): config\Components\DigitalCodes->render()
#2 /Users/developer/Downloads/Sites/Framework/pages/home.php(3): component('config\\Componen...')
#3 /Users/developer/Downloads/Sites/Framework/app/Application.php(193): require_once('/Users/develope...')
#4 /Users/developer/Downloads/Sites/Framework/app/Application.php(226): app\Application->commence('/Users/develope...')
#5 /Users/developer/Downloads/Sites/Framework/config/Kernel.php(27): app\Application->render()
#6 /Users/developer/Downloads/Sites/Framework/index.php(17): require('/Users/develope...')
#7 {main}

--------------------------------------------------------------------------------
|
|
|
--------------------------------------------------------------------------------
[EXCEPTION LOG - 2024-11-19 21:51:44] [ERROR]
--------------------------------------------------------------------------------

Message    : Typed property app\Scheme\Components::$token must not be accessed before initialization
File       : /Users/developer/Downloads/Sites/Framework/app/Scheme/Components.php
Line       : 28

Stack Trace:
#0 /Users/developer/Downloads/Sites/Framework/config/Components/DigitalCodes.php(14): app\Scheme\Components->content()
#1 /Users/developer/Downloads/Sites/Framework/app/Standard.php(13): config\Components\DigitalCodes->render()
#2 /Users/developer/Downloads/Sites/Framework/pages/home.php(3): component('config\\Componen...')
#3 /Users/developer/Downloads/Sites/Framework/app/Application.php(193): require_once('/Users/develope...')
#4 /Users/developer/Downloads/Sites/Framework/app/Application.php(226): app\Application->commence('/Users/develope...')
#5 /Users/developer/Downloads/Sites/Framework/config/Kernel.php(27): app\Application->render()
#6 /Users/developer/Downloads/Sites/Framework/index.php(17): require('/Users/develope...')
#7 {main}

--------------------------------------------------------------------------------
|
|
|
--------------------------------------------------------------------------------
[EXCEPTION LOG - 2024-11-19 22:40:18] [ERROR]
--------------------------------------------------------------------------------

Message    : Too few arguments to function config\Components\DigitalCodes::render(), 1 passed in /Users/developer/Downloads/Sites/Framework/app/Standard.php on line 13 and exactly 2 expected
File       : /Users/developer/Downloads/Sites/Framework/config/Components/DigitalCodes.php
Line       : 11

Stack Trace:
#0 /Users/developer/Downloads/Sites/Framework/app/Standard.php(13): config\Components\DigitalCodes->render('Robroy Canales')
#1 /Users/developer/Downloads/Sites/Framework/pages/home.php(3): component('config\\Componen...', Array)
#2 /Users/developer/Downloads/Sites/Framework/app/Application.php(193): require_once('/Users/develope...')
#3 /Users/developer/Downloads/Sites/Framework/app/Application.php(226): app\Application->commence('/Users/develope...')
#4 /Users/developer/Downloads/Sites/Framework/config/Kernel.php(27): app\Application->render()
#5 /Users/developer/Downloads/Sites/Framework/index.php(17): require('/Users/develope...')
#6 {main}

--------------------------------------------------------------------------------
|
|
|
--------------------------------------------------------------------------------
[EXCEPTION LOG - 2024-11-19 22:40:29] [ERROR]
--------------------------------------------------------------------------------

Message    : Too few arguments to function config\Components\DigitalCodes::render(), 1 passed in /Users/developer/Downloads/Sites/Framework/app/Standard.php on line 13 and exactly 2 expected
File       : /Users/developer/Downloads/Sites/Framework/config/Components/DigitalCodes.php
Line       : 11

Stack Trace:
#0 /Users/developer/Downloads/Sites/Framework/app/Standard.php(13): config\Components\DigitalCodes->render('Robroy Canales')
#1 /Users/developer/Downloads/Sites/Framework/pages/home.php(3): component('config\\Componen...', Array)
#2 /Users/developer/Downloads/Sites/Framework/app/Application.php(193): require_once('/Users/develope...')
#3 /Users/developer/Downloads/Sites/Framework/app/Application.php(226): app\Application->commence('/Users/develope...')
#4 /Users/developer/Downloads/Sites/Framework/config/Kernel.php(27): app\Application->render()
#5 /Users/developer/Downloads/Sites/Framework/index.php(17): require('/Users/develope...')
#6 {main}

--------------------------------------------------------------------------------
|
|
|
--------------------------------------------------------------------------------
[EXCEPTION LOG - 2024-11-19 22:41:32] [ERROR]
--------------------------------------------------------------------------------

Message    : Too few arguments to function config\Components\DigitalCodes::render(), 1 passed in /Users/developer/Downloads/Sites/Framework/app/Standard.php on line 13 and exactly 2 expected
File       : /Users/developer/Downloads/Sites/Framework/config/Components/DigitalCodes.php
Line       : 11

Stack Trace:
#0 /Users/developer/Downloads/Sites/Framework/app/Standard.php(13): config\Components\DigitalCodes->render('Robroy Canales')
#1 /Users/developer/Downloads/Sites/Framework/pages/home.php(3): component('config\\Componen...', Array)
#2 /Users/developer/Downloads/Sites/Framework/app/Application.php(193): require_once('/Users/develope...')
#3 /Users/developer/Downloads/Sites/Framework/app/Application.php(226): app\Application->commence('/Users/develope...')
#4 /Users/developer/Downloads/Sites/Framework/config/Kernel.php(27): app\Application->render()
#5 /Users/developer/Downloads/Sites/Framework/index.php(17): require('/Users/develope...')
#6 {main}

--------------------------------------------------------------------------------
|
|
|
--------------------------------------------------------------------------------
[EXCEPTION LOG - 2024-11-19 22:45:59] [ERROR]
--------------------------------------------------------------------------------

Message    : syntax error, unexpected token "]", expecting "-" or identifier or variable or number
File       : /Users/developer/Downloads/Sites/Framework/config/Components/DigitalCodes.php
Line       : 15

Stack Trace:
#0 [internal function]: {closure}('config\\Componen...')
#1 /Users/developer/Downloads/Sites/Framework/app/Standard.php(11): class_exists('config\\Componen...')
#2 /Users/developer/Downloads/Sites/Framework/pages/home.php(3): component('config\\Componen...', Array)
#3 /Users/developer/Downloads/Sites/Framework/app/Application.php(193): require_once('/Users/develope...')
#4 /Users/developer/Downloads/Sites/Framework/app/Application.php(226): app\Application->commence('/Users/develope...')
#5 /Users/developer/Downloads/Sites/Framework/config/Kernel.php(27): app\Application->render()
#6 /Users/developer/Downloads/Sites/Framework/index.php(17): require('/Users/develope...')
#7 {main}

--------------------------------------------------------------------------------
|
|
|
--------------------------------------------------------------------------------
[EXCEPTION LOG - 2024-11-19 22:46:09] [ERROR]
--------------------------------------------------------------------------------

Message    : syntax error, unexpected token "]", expecting "-" or identifier or variable or number
File       : /Users/developer/Downloads/Sites/Framework/config/Components/DigitalCodes.php
Line       : 15

Stack Trace:
#0 [internal function]: {closure}('config\\Componen...')
#1 /Users/developer/Downloads/Sites/Framework/app/Standard.php(11): class_exists('config\\Componen...')
#2 /Users/developer/Downloads/Sites/Framework/pages/home.php(3): component('config\\Componen...', Array)
#3 /Users/developer/Downloads/Sites/Framework/app/Application.php(193): require_once('/Users/develope...')
#4 /Users/developer/Downloads/Sites/Framework/app/Application.php(226): app\Application->commence('/Users/develope...')
#5 /Users/developer/Downloads/Sites/Framework/config/Kernel.php(27): app\Application->render()
#6 /Users/developer/Downloads/Sites/Framework/index.php(17): require('/Users/develope...')
#7 {main}

--------------------------------------------------------------------------------
|
|
|
--------------------------------------------------------------------------------
[EXCEPTION LOG - 2024-11-19 23:57:30] [ERROR]
--------------------------------------------------------------------------------

Message    : Too few arguments to function config\Components\DigitalCodes::config\Components\{closure}(), 0 passed in /Users/developer/Downloads/Sites/Framework/app/Scheme/Components.php on line 42 and exactly 1 expected
File       : /Users/developer/Downloads/Sites/Framework/config/Components/DigitalCodes.php
Line       : 14

Stack Trace:
#0 /Users/developer/Downloads/Sites/Framework/app/Scheme/Components.php(42): config\Components\DigitalCodes->config\Components\{closure}()
#1 /Users/developer/Downloads/Sites/Framework/config/Components/DigitalCodes.php(14): app\Scheme\Components->html(Object(Closure))
#2 /Users/developer/Downloads/Sites/Framework/app/Standard.php(13): config\Components\DigitalCodes->render(Array)
#3 /Users/developer/Downloads/Sites/Framework/pages/home.php(3): component('config\\Componen...', Array)
#4 /Users/developer/Downloads/Sites/Framework/app/Application.php(193): require_once('/Users/develope...')
#5 /Users/developer/Downloads/Sites/Framework/app/Application.php(226): app\Application->commence('/Users/develope...')
#6 /Users/developer/Downloads/Sites/Framework/config/Kernel.php(27): app\Application->render()
#7 /Users/developer/Downloads/Sites/Framework/index.php(17): require('/Users/develope...')
#8 {main}

--------------------------------------------------------------------------------
